# JRE version: OpenJDK Runtime Environment (Zulu 8.46.0.19-CA-linux64) (8.0_252-b14) (build 1.8.0_252-b14)
# Java VM: OpenJDK 64-Bit Server VM (25.252-b14 mixed mode linux-amd64 compressed oops)
Heap:
 PSYoungGen      total 105472K, used 7161K [0x00000000f0d80000, 0x00000000f7b80000, 0x0000000100000000)
  eden space 98304K, 0% used [0x00000000f0d80000,0x00000000f0d80000,0x00000000f6d80000)
  from space 7168K, 99% used [0x00000000f6d80000,0x00000000f747e498,0x00000000f7480000)
  to   space 6656K, 0% used [0x00000000f7500000,0x00000000f7500000,0x00000000f7b80000)
 ParOldGen       total 31744K, used 17084K [0x00000000d2800000, 0x00000000d4700000, 0x00000000f0d80000)
  object space 31744K, 53% used [0x00000000d2800000,0x00000000d38af098,0x00000000d4700000)
 Metaspace       used 20599K, capacity 21154K, committed 21296K, reserved 1069056K
  class space    used 2404K, capacity 2600K, committed 2608K, reserved 1048576K
GC Heap History (10 events):
Event: 0.698 GC heap after
Heap after GC invocations=2 (full 0):
 PSYoungGen      total 26112K, used 1532K [0x00000000f0d80000, 0x00000000f2880000, 0x0000000100000000)
  eden space 24576K, 0% used [0x00000000f0d80000,0x00000000f0d80000,0x00000000f2580000)
  from space 1536K, 99% used [0x00000000f2700000,0x00000000f287f270,0x00000000f2880000)
  to   space 1536K, 0% used [0x00000000f2580000,0x00000000f2580000,0x00000000f2700000)
 ParOldGen       total 31744K, used 2691K [0x00000000d2800000, 0x00000000d4700000, 0x00000000f0d80000)
  object space 31744K, 8% used [0x00000000d2800000,0x00000000d2aa0cc8,0x00000000d4700000)
 Metaspace       used 7907K, capacity 8028K, committed 8192K, reserved 1056768K
  class space    used 936K, capacity 1016K, committed 1024K, reserved 1048576K
}
Event: 1.006 GC heap before
{Heap before GC invocations=3 (full 0):
 PSYoungGen      total 26112K, used 26108K [0x00000000f0d80000, 0x00000000f2880000, 0x0000000100000000)
  eden space 24576K, 100% used [0x00000000f0d80000,0x00000000f2580000,0x00000000f2580000)
  from space 1536K, 99% used [0x00000000f2700000,0x00000000f287f270,0x00000000f2880000)
  to   space 1536K, 0% used [0x00000000f2580000,0x00000000f2580000,0x00000000f2700000)
 ParOldGen       total 31744K, used 2691K [0x00000000d2800000, 0x00000000d4700000, 0x00000000f0d80000)
  object space 31744K, 8% used [0x00000000d2800000,0x00000000d2aa0cc8,0x00000000d4700000)
 Metaspace       used 9828K, capacity 10010K, committed 10240K, reserved 1058816K
  class space    used 1181K, capacity 1246K, committed 1280K, reserved 1048576K
Event: 1.013 GC heap after
Heap after GC invocations=3 (full 0):
 PSYoungGen      total 26112K, used 1520K [0x00000000f0d80000, 0x00000000f4080000, 0x0000000100000000)
  eden space 24576K, 0% used [0x00000000f0d80000,0x00000000f0d80000,0x00000000f2580000)
  from space 1536K, 98% used [0x00000000f2580000,0x00000000f26fc010,0x00000000f2700000)
  to   space 1536K, 0% used [0x00000000f3f00000,0x00000000f3f00000,0x00000000f4080000)
 ParOldGen       total 31744K, used 5777K [0x00000000d2800000, 0x00000000d4700000, 0x00000000f0d80000)
  object space 31744K, 18% used [0x00000000d2800000,0x00000000d2da44d0,0x00000000d4700000)
 Metaspace       used 9828K, capacity 10010K, committed 10240K, reserved 1058816K
  class space    used 1181K, capacity 1246K, committed 1280K, reserved 1048576K
}
Event: 1.349 GC heap before
{Heap before GC invocations=4 (full 0):
 PSYoungGen      total 26112K, used 26096K [0x00000000f0d80000, 0x00000000f4080000, 0x0000000100000000)
  eden space 24576K, 100% used [0x00000000f0d80000,0x00000000f2580000,0x00000000f2580000)
  from space 1536K, 98% used [0x00000000f2580000,0x00000000f26fc010,0x00000000f2700000)
  to   space 1536K, 0% used [0x00000000f3f00000,0x00000000f3f00000,0x00000000f4080000)
 ParOldGen       total 31744K, used 5777K [0x00000000d2800000, 0x00000000d4700000, 0x00000000f0d80000)
  object space 31744K, 18% used [0x00000000d2800000,0x00000000d2da44d0,0x00000000d4700000)
 Metaspace       used 12573K, capacity 12706K, committed 13056K, reserved 1060864K
  class space    used 1579K, capacity 1672K, committed 1792K, reserved 1048576K
Event: 1.357 GC heap after
Heap after GC invocations=4 (full 0):
 PSYoungGen      total 50688K, used 1504K [0x00000000f0d80000, 0x00000000f4080000, 0x0000000100000000)
  eden space 49152K, 0% used [0x00000000f0d80000,0x00000000f0d80000,0x00000000f3d80000)
  from space 1536K, 97% used [0x00000000f3f00000,0x00000000f4078040,0x00000000f4080000)
  to   space 1536K, 0% used [0x00000000f3d80000,0x00000000f3d80000,0x00000000f3f00000)
 ParOldGen       total 31744K, used 9586K [0x00000000d2800000, 0x00000000d4700000, 0x00000000f0d80000)
  object space 31744K, 30% used [0x00000000d2800000,0x00000000d315c880,0x00000000d4700000)
 Metaspace       used 12573K, capacity 12706K, committed 13056K, reserved 1060864K
  class space    used 1579K, capacity 1672K, committed 1792K, reserved 1048576K
}
Event: 2.260 GC heap before
{Heap before GC invocations=5 (full 0):
 PSYoungGen      total 50688K, used 50656K [0x00000000f0d80000, 0x00000000f4080000, 0x0000000100000000)
  eden space 49152K, 100% used [0x00000000f0d80000,0x00000000f3d80000,0x00000000f3d80000)
  from space 1536K, 97% used [0x00000000f3f00000,0x00000000f4078040,0x00000000f4080000)
  to   space 1536K, 0% used [0x00000000f3d80000,0x00000000f3d80000,0x00000000f3f00000)
 ParOldGen       total 31744K, used 9586K [0x00000000d2800000, 0x00000000d4700000, 0x00000000f0d80000)
  object space 31744K, 30% used [0x00000000d2800000,0x00000000d315c880,0x00000000d4700000)
 Metaspace       used 15985K, capacity 16342K, committed 16640K, reserved 1064960K
  class space    used 1928K, capacity 2018K, committed 2048K, reserved 1048576K
Event: 2.293 GC heap after
Heap after GC invocations=5 (full 0):
 PSYoungGen      total 50688K, used 1520K [0x00000000f0d80000, 0x00000000f7c80000, 0x0000000100000000)
  eden space 49152K, 0% used [0x00000000f0d80000,0x00000000f0d80000,0x00000000f3d80000)
  from space 1536K, 98% used [0x00000000f3d80000,0x00000000f3efc010,0x00000000f3f00000)
  to   space 7680K, 0% used [0x00000000f7500000,0x00000000f7500000,0x00000000f7c80000)
 ParOldGen       total 31744K, used 15029K [0x00000000d2800000, 0x00000000d4700000, 0x00000000f0d80000)
  object space 31744K, 47% used [0x00000000d2800000,0x00000000d36ad6b0,0x00000000d4700000)
 Metaspace       used 15985K, capacity 16342K, committed 16640K, reserved 1064960K
  class space    used 1928K, capacity 2018K, committed 2048K, reserved 1048576K
}
Event: 2.946 GC heap before
{Heap before GC invocations=6 (full 0):
 PSYoungGen      total 50688K, used 50672K [0x00000000f0d80000, 0x00000000f7c80000, 0x0000000100000000)
  eden space 49152K, 100% used [0x00000000f0d80000,0x00000000f3d80000,0x00000000f3d80000)
  from space 1536K, 98% used [0x00000000f3d80000,0x00000000f3efc010,0x00000000f3f00000)
  to   space 7680K, 0% used [0x00000000f7500000,0x00000000f7500000,0x00000000f7c80000)
 ParOldGen       total 31744K, used 15029K [0x00000000d2800000, 0x00000000d4700000, 0x00000000f0d80000)
  object space 31744K, 47% used [0x00000000d2800000,0x00000000d36ad6b0,0x00000000d4700000)
 Metaspace       used 16753K, capacity 17166K, committed 17536K, reserved 1064960K
  class space    used 1971K, capacity 2058K, committed 2176K, reserved 1048576K
Event: 2.955 GC heap after
Heap after GC invocations=6 (full 0):
 PSYoungGen      total 104960K, used 4400K [0x00000000f0d80000, 0x00000000f7b80000, 0x0000000100000000)
  eden space 98304K, 0% used [0x00000000f0d80000,0x00000000f0d80000,0x00000000f6d80000)
  from space 6656K, 66% used [0x00000000f7500000,0x00000000f794c010,0x00000000f7b80000)
  to   space 7168K, 0% used [0x00000000f6d80000,0x00000000f6d80000,0x00000000f7480000)
 ParOldGen       total 31744K, used 15029K [0x00000000d2800000, 0x00000000d4700000, 0x00000000f0d80000)
  object space 31744K, 47% used [0x00000000d2800000,0x00000000d36ad6b0,0x00000000d4700000)
 Metaspace       used 16753K, capacity 17166K, committed 17536K, reserved 1064960K
  class space    used 1971K, capacity 2058K, committed 2176K, reserved 1048576K
}
Event: 6.132 GC heap before
{Heap before GC invocations=7 (full 0):
 PSYoungGen      total 104960K, used 102704K [0x00000000f0d80000, 0x00000000f7b80000, 0x0000000100000000)
  eden space 98304K, 100% used [0x00000000f0d80000,0x00000000f6d80000,0x00000000f6d80000)
  from space 6656K, 66% used [0x00000000f7500000,0x00000000f794c010,0x00000000f7b80000)
  to   space 7168K, 0% used [0x00000000f6d80000,0x00000000f6d80000,0x00000000f7480000)
 ParOldGen       total 31744K, used 15029K [0x00000000d2800000, 0x00000000d4700000, 0x00000000f0d80000)
  object space 31744K, 47% used [0x00000000d2800000,0x00000000d36ad6b0,0x00000000d4700000)
 Metaspace       used 20599K, capacity 21154K, committed 21296K, reserved 1069056K
  class space    used 2404K, capacity 2600K, committed 2608K, reserved 1048576K

