# JRE version: OpenJDK Runtime Environment (Zulu 8.46.0.19-CA-linux64) (8.0_252-b14) (build 1.8.0_252-b14)
# Java VM: OpenJDK 64-Bit Server VM (25.252-b14 mixed mode linux-amd64 compressed oops)
Heap:
 PSYoungGen      total 103424K, used 8162K [0x00000000f0d80000, 0x00000000f7c80000, 0x0000000100000000)
  eden space 95232K, 0% used [0x00000000f0d80000,0x00000000f0d80000,0x00000000f6a80000)
  from space 8192K, 99% used [0x00000000f6a80000,0x00000000f7278b18,0x00000000f7280000)
  to   space 6144K, 0% used [0x00000000f7280000,0x00000000f7280000,0x00000000f7880000)
 ParOldGen       total 31744K, used 15901K [0x00000000d2800000, 0x00000000d4700000, 0x00000000f0d80000)
  object space 31744K, 50% used [0x00000000d2800000,0x00000000d3787730,0x00000000d4700000)
 Metaspace       used 20578K, capacity 21182K, committed 21296K, reserved 1069056K
  class space    used 2448K, capacity 2647K, committed 2688K, reserved 1048576K
GC Heap History (10 events):
Event: 1.497 GC heap after
Heap after GC invocations=4 (full 0):
 PSYoungGen      total 26112K, used 1504K [0x00000000f0d80000, 0x00000000f2880000, 0x0000000100000000)
  eden space 24576K, 0% used [0x00000000f0d80000,0x00000000f0d80000,0x00000000f2580000)
  from space 1536K, 97% used [0x00000000f2700000,0x00000000f2878020,0x00000000f2880000)
  to   space 1536K, 0% used [0x00000000f2580000,0x00000000f2580000,0x00000000f2700000)
 ParOldGen       total 31744K, used 5790K [0x00000000d2800000, 0x00000000d4700000, 0x00000000f0d80000)
  object space 31744K, 18% used [0x00000000d2800000,0x00000000d2da7aa8,0x00000000d4700000)
 Metaspace       used 9849K, capacity 10010K, committed 10240K, reserved 1058816K
  class space    used 1183K, capacity 1246K, committed 1280K, reserved 1048576K
}
Event: 2.001 GC heap before
{Heap before GC invocations=5 (full 0):
 PSYoungGen      total 26112K, used 26080K [0x00000000f0d80000, 0x00000000f2880000, 0x0000000100000000)
  eden space 24576K, 100% used [0x00000000f0d80000,0x00000000f2580000,0x00000000f2580000)
  from space 1536K, 97% used [0x00000000f2700000,0x00000000f2878020,0x00000000f2880000)
  to   space 1536K, 0% used [0x00000000f2580000,0x00000000f2580000,0x00000000f2700000)
 ParOldGen       total 31744K, used 5790K [0x00000000d2800000, 0x00000000d4700000, 0x00000000f0d80000)
  object space 31744K, 18% used [0x00000000d2800000,0x00000000d2da7aa8,0x00000000d4700000)
 Metaspace       used 12647K, capacity 12834K, committed 13056K, reserved 1060864K
  class space    used 1585K, capacity 1672K, committed 1792K, reserved 1048576K
Event: 2.012 GC heap after
Heap after GC invocations=5 (full 0):
 PSYoungGen      total 26112K, used 1520K [0x00000000f0d80000, 0x00000000f4780000, 0x0000000100000000)
  eden space 24576K, 0% used [0x00000000f0d80000,0x00000000f0d80000,0x00000000f2580000)
  from space 1536K, 98% used [0x00000000f2580000,0x00000000f26fc030,0x00000000f2700000)
  to   space 5120K, 0% used [0x00000000f4280000,0x00000000f4280000,0x00000000f4780000)
 ParOldGen       total 31744K, used 9591K [0x00000000d2800000, 0x00000000d4700000, 0x00000000f0d80000)
  object space 31744K, 30% used [0x00000000d2800000,0x00000000d315dd58,0x00000000d4700000)
 Metaspace       used 12647K, capacity 12834K, committed 13056K, reserved 1060864K
  class space    used 1585K, capacity 1672K, committed 1792K, reserved 1048576K
}
Event: 2.615 GC heap before
{Heap before GC invocations=6 (full 0):
 PSYoungGen      total 26112K, used 26096K [0x00000000f0d80000, 0x00000000f4780000, 0x0000000100000000)
  eden space 24576K, 100% used [0x00000000f0d80000,0x00000000f2580000,0x00000000f2580000)
  from space 1536K, 98% used [0x00000000f2580000,0x00000000f26fc030,0x00000000f2700000)
  to   space 5120K, 0% used [0x00000000f4280000,0x00000000f4280000,0x00000000f4780000)
 ParOldGen       total 31744K, used 9591K [0x00000000d2800000, 0x00000000d4700000, 0x00000000f0d80000)
  object space 31744K, 30% used [0x00000000d2800000,0x00000000d315dd58,0x00000000d4700000)
 Metaspace       used 15251K, capacity 15538K, committed 15872K, reserved 1062912K
  class space    used 1847K, capacity 1944K, committed 2048K, reserved 1048576K
Event: 2.629 GC heap after
Heap after GC invocations=6 (full 0):
 PSYoungGen      total 53760K, used 4744K [0x00000000f0d80000, 0x00000000f4880000, 0x0000000100000000)
  eden space 48640K, 0% used [0x00000000f0d80000,0x00000000f0d80000,0x00000000f3d00000)
  from space 5120K, 92% used [0x00000000f4280000,0x00000000f4722010,0x00000000f4780000)
  to   space 5632K, 0% used [0x00000000f3d00000,0x00000000f3d00000,0x00000000f4280000)
 ParOldGen       total 31744K, used 9591K [0x00000000d2800000, 0x00000000d4700000, 0x00000000f0d80000)
  object space 31744K, 30% used [0x00000000d2800000,0x00000000d315dd58,0x00000000d4700000)
 Metaspace       used 15251K, capacity 15538K, committed 15872K, reserved 1062912K
  class space    used 1847K, capacity 1944K, committed 2048K, reserved 1048576K
}
Event: 3.477 GC heap before
{Heap before GC invocations=7 (full 0):
 PSYoungGen      total 53760K, used 53384K [0x00000000f0d80000, 0x00000000f4880000, 0x0000000100000000)
  eden space 48640K, 100% used [0x00000000f0d80000,0x00000000f3d00000,0x00000000f3d00000)
  from space 5120K, 92% used [0x00000000f4280000,0x00000000f4722010,0x00000000f4780000)
  to   space 5632K, 0% used [0x00000000f3d00000,0x00000000f3d00000,0x00000000f4280000)
 ParOldGen       total 31744K, used 9591K [0x00000000d2800000, 0x00000000d4700000, 0x00000000f0d80000)
  object space 31744K, 30% used [0x00000000d2800000,0x00000000d315dd58,0x00000000d4700000)
 Metaspace       used 16059K, capacity 16286K, committed 16640K, reserved 1064960K
  class space    used 1881K, capacity 1978K, committed 2048K, reserved 1048576K
Event: 3.493 GC heap after
Heap after GC invocations=7 (full 0):
 PSYoungGen      total 54272K, used 5624K [0x00000000f0d80000, 0x00000000f7880000, 0x0000000100000000)
  eden space 48640K, 0% used [0x00000000f0d80000,0x00000000f0d80000,0x00000000f3d00000)
  from space 5632K, 99% used [0x00000000f3d00000,0x00000000f427e0a0,0x00000000f4280000)
  to   space 6144K, 0% used [0x00000000f7280000,0x00000000f7280000,0x00000000f7880000)
 ParOldGen       total 31744K, used 10215K [0x00000000d2800000, 0x00000000d4700000, 0x00000000f0d80000)
  object space 31744K, 32% used [0x00000000d2800000,0x00000000d31f9de8,0x00000000d4700000)
 Metaspace       used 16059K, capacity 16286K, committed 16640K, reserved 1064960K
  class space    used 1881K, capacity 1978K, committed 2048K, reserved 1048576K
}
Event: 5.269 GC heap before
{Heap before GC invocations=8 (full 0):
 PSYoungGen      total 54272K, used 54264K [0x00000000f0d80000, 0x00000000f7880000, 0x0000000100000000)
  eden space 48640K, 100% used [0x00000000f0d80000,0x00000000f3d00000,0x00000000f3d00000)
  from space 5632K, 99% used [0x00000000f3d00000,0x00000000f427e0a0,0x00000000f4280000)
  to   space 6144K, 0% used [0x00000000f7280000,0x00000000f7280000,0x00000000f7880000)
 ParOldGen       total 31744K, used 10215K [0x00000000d2800000, 0x00000000d4700000, 0x00000000f0d80000)
  object space 31744K, 32% used [0x00000000d2800000,0x00000000d31f9de8,0x00000000d4700000)
 Metaspace       used 18002K, capacity 18414K, committed 18688K, reserved 1064960K
  class space    used 2161K, capacity 2282K, committed 2304K, reserved 1048576K
Event: 5.302 GC heap after
Heap after GC invocations=8 (full 0):
 PSYoungGen      total 101376K, used 6128K [0x00000000f0d80000, 0x00000000f7c80000, 0x0000000100000000)
  eden space 95232K, 0% used [0x00000000f0d80000,0x00000000f0d80000,0x00000000f6a80000)
  from space 6144K, 99% used [0x00000000f7280000,0x00000000f787c010,0x00000000f7880000)
  to   space 8192K, 0% used [0x00000000f6a80000,0x00000000f6a80000,0x00000000f7280000)
 ParOldGen       total 31744K, used 13079K [0x00000000d2800000, 0x00000000d4700000, 0x00000000f0d80000)
  object space 31744K, 41% used [0x00000000d2800000,0x00000000d34c5c00,0x00000000d4700000)
 Metaspace       used 18002K, capacity 18414K, committed 18688K, reserved 1064960K
  class space    used 2161K, capacity 2282K, committed 2304K, reserved 1048576K
}
Event: 8.697 GC heap before
{Heap before GC invocations=9 (full 0):
 PSYoungGen      total 101376K, used 70579K [0x00000000f0d80000, 0x00000000f7c80000, 0x0000000100000000)
  eden space 95232K, 67% used [0x00000000f0d80000,0x00000000f4c70d50,0x00000000f6a80000)
  from space 6144K, 99% used [0x00000000f7280000,0x00000000f787c010,0x00000000f7880000)
  to   space 8192K, 0% used [0x00000000f6a80000,0x00000000f6a80000,0x00000000f7280000)
 ParOldGen       total 31744K, used 13079K [0x00000000d2800000, 0x00000000d4700000, 0x00000000f0d80000)
  object space 31744K, 41% used [0x00000000d2800000,0x00000000d34c5c00,0x00000000d4700000)
 Metaspace       used 20578K, capacity 21182K, committed 21296K, reserved 1069056K
  class space    used 2448K, capacity 2647K, committed 2688K, reserved 1048576K

