# JRE version: OpenJDK Runtime Environment (Zulu 8.46.0.19-CA-linux64) (8.0_252-b14) (build 1.8.0_252-b14)
# Java VM: OpenJDK 64-Bit Server VM (25.252-b14 mixed mode linux-amd64 compressed oops)
Heap:
 PSYoungGen      total 105984K, used 7669K [0x00000000f0d80000, 0x00000000f7c80000, 0x0000000100000000)
  eden space 98304K, 0% used [0x00000000f0d80000,0x00000000f0d80000,0x00000000f6d80000)
  from space 7680K, 99% used [0x00000000f6d80000,0x00000000f74fd6a0,0x00000000f7500000)
  to   space 7680K, 0% used [0x00000000f7500000,0x00000000f7500000,0x00000000f7c80000)
 ParOldGen       total 31744K, used 15378K [0x00000000d2800000, 0x00000000d4700000, 0x00000000f0d80000)
  object space 31744K, 48% used [0x00000000d2800000,0x00000000d3704b98,0x00000000d4700000)
 Metaspace       used 20646K, capacity 21124K, committed 21296K, reserved 1069056K
  class space    used 2450K, capacity 2606K, committed 2688K, reserved 1048576K
GC Heap History (10 events):
Event: 0.994 GC heap after
Heap after GC invocations=2 (full 0):
 PSYoungGen      total 26112K, used 1532K [0x00000000f0d80000, 0x00000000f2880000, 0x0000000100000000)
  eden space 24576K, 0% used [0x00000000f0d80000,0x00000000f0d80000,0x00000000f2580000)
  from space 1536K, 99% used [0x00000000f2700000,0x00000000f287f250,0x00000000f2880000)
  to   space 1536K, 0% used [0x00000000f2580000,0x00000000f2580000,0x00000000f2700000)
 ParOldGen       total 31744K, used 2700K [0x00000000d2800000, 0x00000000d4700000, 0x00000000f0d80000)
  object space 31744K, 8% used [0x00000000d2800000,0x00000000d2aa3328,0x00000000d4700000)
 Metaspace       used 7900K, capacity 8028K, committed 8192K, reserved 1056768K
  class space    used 936K, capacity 1016K, committed 1024K, reserved 1048576K
}
Event: 1.324 GC heap before
{Heap before GC invocations=3 (full 0):
 PSYoungGen      total 26112K, used 26108K [0x00000000f0d80000, 0x00000000f2880000, 0x0000000100000000)
  eden space 24576K, 100% used [0x00000000f0d80000,0x00000000f2580000,0x00000000f2580000)
  from space 1536K, 99% used [0x00000000f2700000,0x00000000f287f250,0x00000000f2880000)
  to   space 1536K, 0% used [0x00000000f2580000,0x00000000f2580000,0x00000000f2700000)
 ParOldGen       total 31744K, used 2700K [0x00000000d2800000, 0x00000000d4700000, 0x00000000f0d80000)
  object space 31744K, 8% used [0x00000000d2800000,0x00000000d2aa3328,0x00000000d4700000)
 Metaspace       used 9794K, capacity 9946K, committed 9984K, reserved 1058816K
  class space    used 1180K, capacity 1246K, committed 1280K, reserved 1048576K
Event: 1.333 GC heap after
Heap after GC invocations=3 (full 0):
 PSYoungGen      total 26112K, used 1536K [0x00000000f0d80000, 0x00000000f4080000, 0x0000000100000000)
  eden space 24576K, 0% used [0x00000000f0d80000,0x00000000f0d80000,0x00000000f2580000)
  from space 1536K, 100% used [0x00000000f2580000,0x00000000f2700000,0x00000000f2700000)
  to   space 1536K, 0% used [0x00000000f3f00000,0x00000000f3f00000,0x00000000f4080000)
 ParOldGen       total 31744K, used 5781K [0x00000000d2800000, 0x00000000d4700000, 0x00000000f0d80000)
  object space 31744K, 18% used [0x00000000d2800000,0x00000000d2da5588,0x00000000d4700000)
 Metaspace       used 9794K, capacity 9946K, committed 9984K, reserved 1058816K
  class space    used 1180K, capacity 1246K, committed 1280K, reserved 1048576K
}
Event: 1.725 GC heap before
{Heap before GC invocations=4 (full 0):
 PSYoungGen      total 26112K, used 26112K [0x00000000f0d80000, 0x00000000f4080000, 0x0000000100000000)
  eden space 24576K, 100% used [0x00000000f0d80000,0x00000000f2580000,0x00000000f2580000)
  from space 1536K, 100% used [0x00000000f2580000,0x00000000f2700000,0x00000000f2700000)
  to   space 1536K, 0% used [0x00000000f3f00000,0x00000000f3f00000,0x00000000f4080000)
 ParOldGen       total 31744K, used 5781K [0x00000000d2800000, 0x00000000d4700000, 0x00000000f0d80000)
  object space 31744K, 18% used [0x00000000d2800000,0x00000000d2da5588,0x00000000d4700000)
 Metaspace       used 12548K, capacity 12674K, committed 12928K, reserved 1060864K
  class space    used 1578K, capacity 1640K, committed 1664K, reserved 1048576K
Event: 1.737 GC heap after
Heap after GC invocations=4 (full 0):
 PSYoungGen      total 50688K, used 1504K [0x00000000f0d80000, 0x00000000f4080000, 0x0000000100000000)
  eden space 49152K, 0% used [0x00000000f0d80000,0x00000000f0d80000,0x00000000f3d80000)
  from space 1536K, 97% used [0x00000000f3f00000,0x00000000f4078020,0x00000000f4080000)
  to   space 1536K, 0% used [0x00000000f3d80000,0x00000000f3d80000,0x00000000f3f00000)
 ParOldGen       total 31744K, used 9597K [0x00000000d2800000, 0x00000000d4700000, 0x00000000f0d80000)
  object space 31744K, 30% used [0x00000000d2800000,0x00000000d315f4e0,0x00000000d4700000)
 Metaspace       used 12548K, capacity 12674K, committed 12928K, reserved 1060864K
  class space    used 1578K, capacity 1640K, committed 1664K, reserved 1048576K
}
Event: 2.891 GC heap before
{Heap before GC invocations=5 (full 0):
 PSYoungGen      total 50688K, used 50656K [0x00000000f0d80000, 0x00000000f4080000, 0x0000000100000000)
  eden space 49152K, 100% used [0x00000000f0d80000,0x00000000f3d80000,0x00000000f3d80000)
  from space 1536K, 97% used [0x00000000f3f00000,0x00000000f4078020,0x00000000f4080000)
  to   space 1536K, 0% used [0x00000000f3d80000,0x00000000f3d80000,0x00000000f3f00000)
 ParOldGen       total 31744K, used 9597K [0x00000000d2800000, 0x00000000d4700000, 0x00000000f0d80000)
  object space 31744K, 30% used [0x00000000d2800000,0x00000000d315f4e0,0x00000000d4700000)
 Metaspace       used 15705K, capacity 15966K, committed 16128K, reserved 1062912K
  class space    used 1878K, capacity 1978K, committed 2048K, reserved 1048576K
Event: 2.903 GC heap after
Heap after GC invocations=5 (full 0):
 PSYoungGen      total 50688K, used 1520K [0x00000000f0d80000, 0x00000000f7c80000, 0x0000000100000000)
  eden space 49152K, 0% used [0x00000000f0d80000,0x00000000f0d80000,0x00000000f3d80000)
  from space 1536K, 98% used [0x00000000f3d80000,0x00000000f3efc030,0x00000000f3f00000)
  to   space 7680K, 0% used [0x00000000f7500000,0x00000000f7500000,0x00000000f7c80000)
 ParOldGen       total 31744K, used 14478K [0x00000000d2800000, 0x00000000d4700000, 0x00000000f0d80000)
  object space 31744K, 45% used [0x00000000d2800000,0x00000000d3623ba8,0x00000000d4700000)
 Metaspace       used 15705K, capacity 15966K, committed 16128K, reserved 1062912K
  class space    used 1878K, capacity 1978K, committed 2048K, reserved 1048576K
}
Event: 3.555 GC heap before
{Heap before GC invocations=6 (full 0):
 PSYoungGen      total 50688K, used 50672K [0x00000000f0d80000, 0x00000000f7c80000, 0x0000000100000000)
  eden space 49152K, 100% used [0x00000000f0d80000,0x00000000f3d80000,0x00000000f3d80000)
  from space 1536K, 98% used [0x00000000f3d80000,0x00000000f3efc030,0x00000000f3f00000)
  to   space 7680K, 0% used [0x00000000f7500000,0x00000000f7500000,0x00000000f7c80000)
 ParOldGen       total 31744K, used 14478K [0x00000000d2800000, 0x00000000d4700000, 0x00000000f0d80000)
  object space 31744K, 45% used [0x00000000d2800000,0x00000000d3623ba8,0x00000000d4700000)
 Metaspace       used 17305K, capacity 17670K, committed 17920K, reserved 1064960K
  class space    used 2069K, capacity 2186K, committed 2304K, reserved 1048576K
Event: 3.572 GC heap after
Heap after GC invocations=6 (full 0):
 PSYoungGen      total 105984K, used 5277K [0x00000000f0d80000, 0x00000000f7c80000, 0x0000000100000000)
  eden space 98304K, 0% used [0x00000000f0d80000,0x00000000f0d80000,0x00000000f6d80000)
  from space 7680K, 68% used [0x00000000f7500000,0x00000000f7a27770,0x00000000f7c80000)
  to   space 7680K, 0% used [0x00000000f6d80000,0x00000000f6d80000,0x00000000f7500000)
 ParOldGen       total 31744K, used 14486K [0x00000000d2800000, 0x00000000d4700000, 0x00000000f0d80000)
  object space 31744K, 45% used [0x00000000d2800000,0x00000000d3625ba8,0x00000000d4700000)
 Metaspace       used 17305K, capacity 17670K, committed 17920K, reserved 1064960K
  class space    used 2069K, capacity 2186K, committed 2304K, reserved 1048576K
}
Event: 4.315 GC heap before
{Heap before GC invocations=7 (full 0):
 PSYoungGen      total 105984K, used 66263K [0x00000000f0d80000, 0x00000000f7c80000, 0x0000000100000000)
  eden space 98304K, 62% used [0x00000000f0d80000,0x00000000f490e520,0x00000000f6d80000)
  from space 7680K, 68% used [0x00000000f7500000,0x00000000f7a27770,0x00000000f7c80000)
  to   space 7680K, 0% used [0x00000000f6d80000,0x00000000f6d80000,0x00000000f7500000)
 ParOldGen       total 31744K, used 14486K [0x00000000d2800000, 0x00000000d4700000, 0x00000000f0d80000)
  object space 31744K, 45% used [0x00000000d2800000,0x00000000d3625ba8,0x00000000d4700000)
 Metaspace       used 20646K, capacity 21124K, committed 21296K, reserved 1069056K
  class space    used 2450K, capacity 2606K, committed 2688K, reserved 1048576K

